<?xml version="1.0" encoding="UTF-8"?>
<!-- Generated by org.testng.reporters.JUnitReportReporter -->
<testsuite hostname="Vijetha-Prabhakar" name="Test_NG.Sample3" tests="1" failures="0" timestamp="29 Mar 2020 11:54:24 GMT" time="0.000" errors="0">
  <testcase name="Demo3" time="0.000" classname="Test_NG.Sample3"/>
</testsuite> <!-- Test_NG.Sample3 -->
