<?xml version="1.0" encoding="UTF-8"?>
<!-- Generated by org.testng.reporters.JUnitReportReporter -->
<testsuite hostname="Vijetha-Prabhakar" name="Test_NG.Sample2" tests="2" failures="0" timestamp="29 Mar 2020 12:07:23 GMT" time="0.016" errors="0">
  <testcase name="Demo2" time="0.016" classname="Test_NG.Sample2"/>
  <testcase name="Demo3" time="0.000" classname="Test_NG.Sample2"/>
</testsuite> <!-- Test_NG.Sample2 -->
