<?xml version="1.0" encoding="UTF-8"?>
<!-- Generated by org.testng.reporters.JUnitReportReporter -->
<testsuite hostname="Vijetha-Prabhakar" name="Test_NG.Sample" tests="4" failures="0" timestamp="29 Mar 2020 12:17:01 GMT" time="0.046" errors="0">
  <testcase name="Demo" time="0.015" classname="Test_NG.Sample"/>
  <testcase name="Demo1" time="0.016" classname="Test_NG.Sample"/>
  <testcase name="Demo1" time="0.015" classname="Test_NG.Sample"/>
  <testcase name="Demo1" time="0.000" classname="Test_NG.Sample"/>
</testsuite> <!-- Test_NG.Sample -->
